2023-05-23 23:47:40.599 +02:00 [INF] Now listening on: https://localhost:7293
2023-05-23 23:47:40.626 +02:00 [INF] Now listening on: http://localhost:5293
2023-05-23 23:47:40.632 +02:00 [INF] Application started. Press Ctrl+C to shut down.
2023-05-23 23:47:40.632 +02:00 [INF] Hosting environment: Development
2023-05-23 23:47:40.632 +02:00 [INF] Content root path: C:\Users\Manuel_work\Documents\FH\FH\semester02\swen02\TourPlanner\TourPlannerServer\
2023-05-23 23:47:41.452 +02:00 [INF] Request starting HTTP/2 GET https://localhost:7293/swagger/index.html - -
2023-05-23 23:47:41.773 +02:00 [INF] Request finished HTTP/2 GET https://localhost:7293/swagger/index.html - - - 200 - text/html;charset=utf-8 323.8361ms
2023-05-23 23:47:41.796 +02:00 [INF] Request starting HTTP/2 GET https://localhost:7293/_vs/browserLink - -
2023-05-23 23:47:41.796 +02:00 [INF] Request starting HTTP/2 GET https://localhost:7293/_framework/aspnetcore-browser-refresh.js - -
2023-05-23 23:47:41.802 +02:00 [INF] Request finished HTTP/2 GET https://localhost:7293/_framework/aspnetcore-browser-refresh.js - - - 200 12004 application/javascript;+charset=utf-8 5.6921ms
2023-05-23 23:47:41.809 +02:00 [INF] Request finished HTTP/2 GET https://localhost:7293/_vs/browserLink - - - 200 - text/javascript;+charset=UTF-8 12.7247ms
2023-05-23 23:47:41.915 +02:00 [INF] Request starting HTTP/2 GET https://localhost:7293/swagger/v1/swagger.json - -
2023-05-23 23:47:42.038 +02:00 [INF] Request finished HTTP/2 GET https://localhost:7293/swagger/v1/swagger.json - - - 200 - application/json;charset=utf-8 122.6973ms
2023-05-23 23:48:14.352 +02:00 [INF] Request starting HTTP/2 GET https://localhost:7293/api/Tour - -
2023-05-23 23:48:14.358 +02:00 [INF] Executing endpoint 'TourPlannerServer.Controllers.TourController.GetTours (TourPlannerServer)'
2023-05-23 23:48:14.378 +02:00 [INF] Route matched with {action = "GetTours", controller = "Tour"}. Executing controller action with signature System.Threading.Tasks.Task`1[Microsoft.AspNetCore.Mvc.ActionResult`1[System.Collections.Generic.IEnumerable`1[TourPlannerServer.Model.Tour]]] GetTours() on controller TourPlannerServer.Controllers.TourController (TourPlannerServer).
2023-05-23 23:48:14.511 +02:00 [INF] Fetching all tours
2023-05-23 23:48:15.733 +02:00 [INF] Executed DbCommand (55ms) [Parameters=[], CommandType='"Text"', CommandTimeout='30']
SELECT t."Id", t."Description", t."Distance", t."EstTime", t."From", t."Info", t."Name", t."To", t."TransportType"
FROM "Tour" AS t
2023-05-23 23:48:15.843 +02:00 [INF] Executing ObjectResult, writing value of type 'System.Collections.Generic.List`1[[TourPlannerServer.Model.Tour, TourPlannerServer, Version=1.0.0.0, Culture=neutral, PublicKeyToken=null]]'.
2023-05-23 23:48:15.882 +02:00 [INF] Executed action TourPlannerServer.Controllers.TourController.GetTours (TourPlannerServer) in 1499.2181ms
2023-05-23 23:48:15.882 +02:00 [INF] Executed endpoint 'TourPlannerServer.Controllers.TourController.GetTours (TourPlannerServer)'
2023-05-23 23:48:15.895 +02:00 [INF] Request finished HTTP/2 GET https://localhost:7293/api/Tour - - - 200 - application/json;+charset=utf-8 1542.8969ms
2023-05-23 23:48:18.140 +02:00 [INF] Request starting HTTP/2 GET https://localhost:7293/api/Tour - -
2023-05-23 23:48:18.141 +02:00 [INF] Executing endpoint 'TourPlannerServer.Controllers.TourController.GetTours (TourPlannerServer)'
2023-05-23 23:48:18.141 +02:00 [INF] Route matched with {action = "GetTours", controller = "Tour"}. Executing controller action with signature System.Threading.Tasks.Task`1[Microsoft.AspNetCore.Mvc.ActionResult`1[System.Collections.Generic.IEnumerable`1[TourPlannerServer.Model.Tour]]] GetTours() on controller TourPlannerServer.Controllers.TourController (TourPlannerServer).
2023-05-23 23:48:18.141 +02:00 [INF] Fetching all tours
2023-05-23 23:48:18.159 +02:00 [INF] Executed DbCommand (5ms) [Parameters=[], CommandType='"Text"', CommandTimeout='30']
SELECT t."Id", t."Description", t."Distance", t."EstTime", t."From", t."Info", t."Name", t."To", t."TransportType"
FROM "Tour" AS t
2023-05-23 23:48:18.159 +02:00 [INF] Executing ObjectResult, writing value of type 'System.Collections.Generic.List`1[[TourPlannerServer.Model.Tour, TourPlannerServer, Version=1.0.0.0, Culture=neutral, PublicKeyToken=null]]'.
2023-05-23 23:48:18.160 +02:00 [INF] Executed action TourPlannerServer.Controllers.TourController.GetTours (TourPlannerServer) in 18.9235ms
2023-05-23 23:48:18.160 +02:00 [INF] Executed endpoint 'TourPlannerServer.Controllers.TourController.GetTours (TourPlannerServer)'
2023-05-23 23:48:18.160 +02:00 [INF] Request finished HTTP/2 GET https://localhost:7293/api/Tour - - - 200 - application/json;+charset=utf-8 19.9672ms
2023-05-23 23:49:21.321 +02:00 [INF] Request starting HTTP/2 POST https://localhost:7293/api/Tour application/json 246
2023-05-23 23:49:21.321 +02:00 [INF] Executing endpoint 'TourPlannerServer.Controllers.TourController.PostTour (TourPlannerServer)'
2023-05-23 23:49:21.330 +02:00 [INF] Route matched with {action = "PostTour", controller = "Tour"}. Executing controller action with signature System.Threading.Tasks.Task`1[Microsoft.AspNetCore.Mvc.ActionResult`1[TourPlannerServer.Model.Tour]] PostTour(TourPlannerServer.Model.Tour) on controller TourPlannerServer.Controllers.TourController (TourPlannerServer).
2023-05-23 23:49:21.380 +02:00 [INF] Creating a new tour
2023-05-23 23:49:21.561 +02:00 [INF] Executed DbCommand (24ms) [Parameters=[@p0='?', @p1='?' (DbType = Single), @p2='?' (DbType = Object), @p3='?', @p4='?', @p5='?', @p6='?', @p7='?' (DbType = Int32)], CommandType='"Text"', CommandTimeout='30']
INSERT INTO "Tour" ("Description", "Distance", "EstTime", "From", "Info", "Name", "To", "TransportType")
VALUES (@p0, @p1, @p2, @p3, @p4, @p5, @p6, @p7)
RETURNING "Id";
2023-05-23 23:49:21.588 +02:00 [INF] Successfully created new tour with ID 3
2023-05-23 23:49:21.589 +02:00 [INF] Executing CreatedAtActionResult, writing value of type 'TourPlannerServer.Model.Tour'.
2023-05-23 23:49:21.606 +02:00 [INF] Executed action TourPlannerServer.Controllers.TourController.PostTour (TourPlannerServer) in 275.9988ms
2023-05-23 23:49:21.606 +02:00 [INF] Executed endpoint 'TourPlannerServer.Controllers.TourController.PostTour (TourPlannerServer)'
2023-05-23 23:49:21.606 +02:00 [INF] Request finished HTTP/2 POST https://localhost:7293/api/Tour application/json 246 - 201 - application/json;+charset=utf-8 284.7899ms
2023-05-23 23:49:47.601 +02:00 [INF] Request starting HTTP/2 GET https://localhost:7293/api/Tour - -
2023-05-23 23:49:47.601 +02:00 [INF] Executing endpoint 'TourPlannerServer.Controllers.TourController.GetTours (TourPlannerServer)'
2023-05-23 23:49:47.601 +02:00 [INF] Route matched with {action = "GetTours", controller = "Tour"}. Executing controller action with signature System.Threading.Tasks.Task`1[Microsoft.AspNetCore.Mvc.ActionResult`1[System.Collections.Generic.IEnumerable`1[TourPlannerServer.Model.Tour]]] GetTours() on controller TourPlannerServer.Controllers.TourController (TourPlannerServer).
2023-05-23 23:49:47.601 +02:00 [INF] Fetching all tours
2023-05-23 23:49:47.602 +02:00 [INF] Executed DbCommand (0ms) [Parameters=[], CommandType='"Text"', CommandTimeout='30']
SELECT t."Id", t."Description", t."Distance", t."EstTime", t."From", t."Info", t."Name", t."To", t."TransportType"
FROM "Tour" AS t
2023-05-23 23:49:47.603 +02:00 [INF] Executing ObjectResult, writing value of type 'System.Collections.Generic.List`1[[TourPlannerServer.Model.Tour, TourPlannerServer, Version=1.0.0.0, Culture=neutral, PublicKeyToken=null]]'.
2023-05-23 23:49:47.603 +02:00 [INF] Executed action TourPlannerServer.Controllers.TourController.GetTours (TourPlannerServer) in 1.3968ms
2023-05-23 23:49:47.603 +02:00 [INF] Executed endpoint 'TourPlannerServer.Controllers.TourController.GetTours (TourPlannerServer)'
2023-05-23 23:49:47.603 +02:00 [INF] Request finished HTTP/2 GET https://localhost:7293/api/Tour - - - 200 - application/json;+charset=utf-8 1.6606ms
2023-05-23 23:52:40.624 +02:00 [INF] Request starting HTTP/2 GET https://localhost:7293/api/Tour/1 - -
2023-05-23 23:52:40.624 +02:00 [INF] Executing endpoint 'TourPlannerServer.Controllers.TourController.GetTour (TourPlannerServer)'
2023-05-23 23:52:40.627 +02:00 [INF] Route matched with {action = "GetTour", controller = "Tour"}. Executing controller action with signature System.Threading.Tasks.Task`1[Microsoft.AspNetCore.Mvc.ActionResult`1[TourPlannerServer.Model.Tour]] GetTour(Int32) on controller TourPlannerServer.Controllers.TourController (TourPlannerServer).
2023-05-23 23:52:40.628 +02:00 [INF] Fetching tour with ID 1
2023-05-23 23:52:40.785 +02:00 [INF] Executed DbCommand (1ms) [Parameters=[@__p_0='?' (DbType = Int32)], CommandType='"Text"', CommandTimeout='30']
SELECT t."Id", t."Description", t."Distance", t."EstTime", t."From", t."Info", t."Name", t."To", t."TransportType"
FROM "Tour" AS t
WHERE t."Id" = @__p_0
LIMIT 1
2023-05-23 23:52:40.788 +02:00 [INF] Executing ObjectResult, writing value of type 'TourPlannerServer.Model.Tour'.
2023-05-23 23:52:40.788 +02:00 [INF] Executed action TourPlannerServer.Controllers.TourController.GetTour (TourPlannerServer) in 161.2759ms
2023-05-23 23:52:40.788 +02:00 [INF] Executed endpoint 'TourPlannerServer.Controllers.TourController.GetTour (TourPlannerServer)'
2023-05-23 23:52:40.788 +02:00 [INF] Request finished HTTP/2 GET https://localhost:7293/api/Tour/1 - - - 200 - application/json;+charset=utf-8 163.8487ms
